Build 'Demo Bank Account :: Maven Clean Test' #11, branch 'compile-error'
Started 2018-06-23 16:31:53 on 'W541' by 'Git'
Finished 2018-06-23 16:32:00 with status FAILURE 'Compilation error: Compiler (new)'
VCS revisions: 'githubalexscheitlin/demo-bank-account' (Git): 6a47dbbc35ac6a29583c2dc3bcbeb1bb54e7e3be (branch 'refs/heads/compile-error')
TeamCity URL http://localhost/viewLog.html?buildId=18&buildTypeId=DemoBankAccount_MavenCleanBuild
TeamCity server version is 2017.2.4 (build 51228), server timezone: MESZ (UTC+02:00)

[16:31:42]E: bt1 (17s)
[16:31:42]i: TeamCity server version is 2017.2.4 (build 51228)
[16:31:42] : Compute revision for 'githubalexscheitlin/demo-bank-account'
[16:31:42] :	 [Compute revision for 'githubalexscheitlin/demo-bank-account'] Upper limit revision: 6a47dbbc35ac6a29583c2dc3bcbeb1bb54e7e3be
[16:31:42]i:	 [Compute revision for 'githubalexscheitlin/demo-bank-account'] MaxModId = 10
[16:31:42] :	 [Compute revision for 'githubalexscheitlin/demo-bank-account'] Latest commit attached to build configuration: 6a47dbbc35ac6a29583c2dc3bcbeb1bb54e7e3be
[16:31:42] :	 [Compute revision for 'githubalexscheitlin/demo-bank-account'] Computed revision: 6a47dbbc35ac6a29583c2dc3bcbeb1bb54e7e3be
[16:31:53] : The build is removed from the queue to be prepared for the start
[16:31:53] : Starting the build on the agent W541
[16:31:53]i: Agent time zone: Europe/Berlin
[16:31:53]i: Agent is running under JRE: 1.8.0_161-b12
[16:31:53] : Clearing temporary directory: C:\TeamCity\buildAgent\temp\buildTmp
[16:31:53] : Publishing internal artifacts (4s)
[16:31:58] :	 [Publishing internal artifacts] Publishing 1 file using [WebPublisher]
[16:31:58] :	 [Publishing internal artifacts] Publishing 1 file using [ArtifactsCachePublisher]
[16:31:53] : Using vcs information from agent file: dc680b5ed78c7e4e.xml
[16:31:53] : Checkout directory: C:\TeamCity\buildAgent\work\dc680b5ed78c7e4e
[16:31:53] : Updating sources: auto checkout (on agent) (3s)
[16:31:53] :	 [Updating sources] Will use agent side checkout
[16:31:53] :	 [Updating sources] VCS Root: githubalexscheitlin/demo-bank-account (3s)
[16:31:53] :		 [VCS Root: githubalexscheitlin/demo-bank-account] revision: 6a47dbbc35ac6a29583c2dc3bcbeb1bb54e7e3be
[16:31:53] :		 [VCS Root: githubalexscheitlin/demo-bank-account] Git version: 2.16.2.0
[16:31:53] :		 [VCS Root: githubalexscheitlin/demo-bank-account] Update git mirror (C:\TeamCity\buildAgent\system\git\git-1549344D.git) (2s)
[16:31:53] :			 [Update git mirror (C:\TeamCity\buildAgent\system\git\git-1549344D.git)] "C:\Program Files\Git\bin\git.exe" show-ref
[16:31:53] :			 [Update git mirror (C:\TeamCity\buildAgent\system\git\git-1549344D.git)] "C:\Program Files\Git\bin\git.exe" -c core.askpass=C:\TeamCity\buildAgent\temp\buildTmp\pass6336961383491762602.bat -c credential.helper= ls-remote origin
[16:31:54] :			 [Update git mirror (C:\TeamCity\buildAgent\system\git\git-1549344D.git)] "C:\Program Files\Git\bin\git.exe" show-ref refs/remotes/origin/compile-error
[16:31:54] :			 [Update git mirror (C:\TeamCity\buildAgent\system\git\git-1549344D.git)] "C:\Program Files\Git\bin\git.exe" show-ref refs/heads/compile-error
[16:31:54] :			 [Update git mirror (C:\TeamCity\buildAgent\system\git\git-1549344D.git)] "C:\Program Files\Git\bin\git.exe" -c core.askpass=C:\TeamCity\buildAgent\temp\buildTmp\pass5744938079735596267.bat -c credential.helper= fetch --progress origin +refs/heads/compile-error:refs/heads/compile-error (1s)
[16:31:56]i:				 ["C:\Program Files\Git\bin\git.exe" -c core.askpass=C:\TeamCity\buildAgent\temp\buildTmp\pass5744938079735596267.bat -c credential.helper= fetch --progress origin +refs/heads/compile-error:refs/heads/compile-error] remote: Counting objects: 9, done.
[16:31:56]i:				 ["C:\Program Files\Git\bin\git.exe" -c core.askpass=C:\TeamCity\buildAgent\temp\buildTmp\pass5744938079735596267.bat -c credential.helper= fetch --progress origin +refs/heads/compile-error:refs/heads/compile-error] remote: Compressing objects:  50% (1/2)
[16:31:56]i:				 ["C:\Program Files\Git\bin\git.exe" -c core.askpass=C:\TeamCity\buildAgent\temp\buildTmp\pass5744938079735596267.bat -c credential.helper= fetch --progress origin +refs/heads/compile-error:refs/heads/compile-error] remote: Compressing objects: 100% (2/2)
[16:31:56]i:				 ["C:\Program Files\Git\bin\git.exe" -c core.askpass=C:\TeamCity\buildAgent\temp\buildTmp\pass5744938079735596267.bat -c credential.helper= fetch --progress origin +refs/heads/compile-error:refs/heads/compile-error] remote: Compressing objects: 100% (2/2), done.
[16:31:56]i:				 ["C:\Program Files\Git\bin\git.exe" -c core.askpass=C:\TeamCity\buildAgent\temp\buildTmp\pass5744938079735596267.bat -c credential.helper= fetch --progress origin +refs/heads/compile-error:refs/heads/compile-error] remote: Total 9 (delta 3), reused 9 (delta 3), pack-reused 0
[16:31:56]i:				 ["C:\Program Files\Git\bin\git.exe" -c core.askpass=C:\TeamCity\buildAgent\temp\buildTmp\pass5744938079735596267.bat -c credential.helper= fetch --progress origin +refs/heads/compile-error:refs/heads/compile-error] From https://github.com/alexscheitlin/demo-bank-account
[16:31:56]i:				 ["C:\Program Files\Git\bin\git.exe" -c core.askpass=C:\TeamCity\buildAgent\temp\buildTmp\pass5744938079735596267.bat -c credential.helper= fetch --progress origin +refs/heads/compile-error:refs/heads/compile-error]    7ba9a48..6a47dbb  compile-error -> compile-error
[16:31:56]i:				 ["C:\Program Files\Git\bin\git.exe" -c core.askpass=C:\TeamCity\buildAgent\temp\buildTmp\pass5744938079735596267.bat -c credential.helper= fetch --progress origin +refs/heads/compile-error:refs/heads/compile-error]    7ba9a48..6a47dbb  compile-error -> origin/compile-error
[16:31:56] :			 [Update git mirror (C:\TeamCity\buildAgent\system\git\git-1549344D.git)] "C:\Program Files\Git\bin\git.exe" log -n1 --pretty=format:%H%x20%s 6a47dbbc35ac6a29583c2dc3bcbeb1bb54e7e3be --
[16:31:56] :			 [Update git mirror (C:\TeamCity\buildAgent\system\git\git-1549344D.git)] "C:\Program Files\Git\bin\git.exe" pack-refs --all
[16:31:56] :		 [VCS Root: githubalexscheitlin/demo-bank-account] Update checkout directory (C:\TeamCity\buildAgent\work\dc680b5ed78c7e4e)
[16:31:56] :			 [Update checkout directory (C:\TeamCity\buildAgent\work\dc680b5ed78c7e4e)] "C:\Program Files\Git\bin\git.exe" config lfs.storage C:\TeamCity\buildAgent\system\git\git-1549344D.git\lfs
[16:31:56] :			 [Update checkout directory (C:\TeamCity\buildAgent\work\dc680b5ed78c7e4e)] "C:\Program Files\Git\bin\git.exe" config core.sparseCheckout true
[16:31:56] :			 [Update checkout directory (C:\TeamCity\buildAgent\work\dc680b5ed78c7e4e)] "C:\Program Files\Git\bin\git.exe" show-ref
[16:31:56] :			 [Update checkout directory (C:\TeamCity\buildAgent\work\dc680b5ed78c7e4e)] "C:\Program Files\Git\bin\git.exe" show-ref refs/remotes/origin/compile-error
[16:31:56] :			 [Update checkout directory (C:\TeamCity\buildAgent\work\dc680b5ed78c7e4e)] "C:\Program Files\Git\bin\git.exe" log -n1 --pretty=format:%H%x20%s 6a47dbbc35ac6a29583c2dc3bcbeb1bb54e7e3be --
[16:31:56] :			 [Update checkout directory (C:\TeamCity\buildAgent\work\dc680b5ed78c7e4e)] "C:\Program Files\Git\bin\git.exe" branch
[16:31:57] :			 [Update checkout directory (C:\TeamCity\buildAgent\work\dc680b5ed78c7e4e)] "C:\Program Files\Git\bin\git.exe" update-ref refs/heads/compile-error 6a47dbbc35ac6a29583c2dc3bcbeb1bb54e7e3be
[16:31:57] :			 [Update checkout directory (C:\TeamCity\buildAgent\work\dc680b5ed78c7e4e)] "C:\Program Files\Git\bin\git.exe" -c core.askpass=C:\TeamCity\buildAgent\temp\buildTmp\pass6990497815211636825.bat -c credential.helper= -c credential.helper=C:/TeamCity/buildAgent/temp/buildTmp/credHelper2392885732789082919.bat checkout -q -f compile-error
[16:31:57] :			 [Update checkout directory (C:\TeamCity\buildAgent\work\dc680b5ed78c7e4e)] "C:\Program Files\Git\bin\git.exe" branch --set-upstream-to=refs/remotes/origin/compile-error
[16:31:57] :			 [Update checkout directory (C:\TeamCity\buildAgent\work\dc680b5ed78c7e4e)] Cleaning githubalexscheitlin/demo-bank-account in C:\TeamCity\buildAgent\work\dc680b5ed78c7e4e the file set ALL_UNTRACKED
[16:31:57] :			 [Update checkout directory (C:\TeamCity\buildAgent\work\dc680b5ed78c7e4e)] "C:\Program Files\Git\bin\git.exe" clean -f -d -x
[16:31:57] : Build preparation done
[16:31:57]E: Step 1/1: Maven (2s)
[16:31:57] :	 [Step 1/1] Initial M2_HOME not set
[16:31:57] :	 [Step 1/1] Current M2_HOME = C:\TeamCity\buildAgent\tools\maven3
[16:31:57] :	 [Step 1/1] PATH = C:\TeamCity\buildAgent\tools\maven3\bin;C:\ProgramData\Anaconda3;C:\ProgramData\Anaconda3\Library\mingw-w64\bin;C:\ProgramData\Anaconda3\Library\usr\bin;C:\ProgramData\Anaconda3\Library\bin;C:\ProgramData\Anaconda3\Scripts;C:\Ruby22-x64\bin;C:\ProgramData\Oracle\Java\javapath;C:\WINDOWS\system32;C:\WINDOWS;C:\WINDOWS\System32\Wbem;C:\WINDOWS\System32\WindowsPowerShell\v1.0\;C:\Program Files\Java\jdk1.8.0_101\bin;C:\Program Files\Java\jre1.8.0_101\bin;C:\Program Files\nodejs\;C:\Program Files (x86)\Skype\Phone\;C:\wamp64\bin\php\php5.6.25;C:\Program Files\Intel\WiFi\bin\;C:\Program Files\Common Files\Intel\WirelessCommon\;C:\Program Files (x86)\Yarn\bin\;C:\Program Files\Git\cmd;C:\Program Files (x86)\MySQL\MySQL Utilities 1.6\;C:\Program Files\MiKTeX 2.9\miktex\bin\x64\;C:\WINDOWS\System32\OpenSSH\;C:\WINDOWS\system32\config\systemprofile\AppData\Local\Microsoft\WindowsApps
[16:31:57] :	 [Step 1/1] Using watcher: C:\TeamCity\buildAgent\plugins\mavenPlugin\maven-watcher\maven-watcher-agent.jar
[16:31:57] :	 [Step 1/1] Initial MAVEN_OPTS not set
[16:31:57] :	 [Step 1/1] Current MAVEN_OPTS not set
[16:31:57] :	 [Step 1/1] Starting: "C:\Program Files\Java\jdk1.8.0_101\bin\java.exe" -Dagent.home.dir=C:\TeamCity\buildAgent -Dagent.name=W541 -Dagent.ownPort=9090 -Dagent.work.dir=C:\TeamCity\buildAgent\work -Dbuild.number=11 -Dbuild.vcs.number=6a47dbbc35ac6a29583c2dc3bcbeb1bb54e7e3be -Dbuild.vcs.number.1=6a47dbbc35ac6a29583c2dc3bcbeb1bb54e7e3be -Dbuild.vcs.number.DemoBankAccount_GithubalexscheitlinDemoBankAccount=6a47dbbc35ac6a29583c2dc3bcbeb1bb54e7e3be -Dclassworlds.conf=C:\TeamCity\buildAgent\temp\buildTmp\teamcity.m2.conf -Dcom.jetbrains.maven.watcher.report.file=C:\TeamCity\buildAgent\temp\buildTmp\maven-build-info.xml -Djava.io.tmpdir=C:\TeamCity\buildAgent\temp\buildTmp -Dmaven.home=C:\TeamCity\buildAgent\tools\maven3 -Dmaven.multiModuleProjectDirectory=C:\TeamCity\buildAgent\work\dc680b5ed78c7e4e -Dmaven.repo.local=C:/WINDOWS/system32/config/systemprofile/.m2/repository -Dteamcity.agent.cpuBenchmark=575 -Dteamcity.agent.dotnet.agent_url=http://localhost:9090/RPC2 -Dteamcity.agent.dotnet.build_id=18 -Dteamcity.auth.password=******* -Dteamcity.auth.userId=TeamCityBuildId=18 -Dteamcity.build.changedFiles.file=C:\TeamCity\buildAgent\temp\buildTmp\changedFiles3152413233496410065.txt -Dteamcity.build.checkoutDir=C:\TeamCity\buildAgent\work\dc680b5ed78c7e4e -Dteamcity.build.id=18 -Dteamcity.build.properties.file=C:\TeamCity\buildAgent\temp\buildTmp\teamcity.build683785961072917101.properties -Dteamcity.build.tempDir=C:\TeamCity\buildAgent\temp\buildTmp -Dteamcity.build.workingDir=C:\TeamCity\buildAgent\work\dc680b5ed78c7e4e "-Dteamcity.buildConfName=Maven Clean Test" -Dteamcity.buildType.id=DemoBankAccount_MavenCleanBuild -Dteamcity.configuration.properties.file=C:\TeamCity\buildAgent\temp\buildTmp\teamcity.config3263070373409800684.properties -Dteamcity.dotnet.nunitaddin=C:\TeamCity\buildAgent\plugins\dotnetPlugin\bin\JetBrains.TeamCity.NUnitAddin-NUnit -Dteamcity.dotnet.nunitlauncher=C:\TeamCity\buildAgent\plugins\dotnetPlugin\bin\JetBrains.BuildServer.NUnitLauncher.exe -Dteamcity.dotnet.nunitlauncher.msbuild.task=C:\TeamCity\buildAgent\plugins\dotnetPlugin\bin\JetBrains.BuildServer.MSBuildLoggers.dll -Dteamcity.dotnet.nunitlauncher1.1=C:\TeamCity\buildAgent\plugins\dotnetPlugin\bin\JetBrains.BuildServer.NUnitLauncher1.1.exe -Dteamcity.dotnet.nunitlauncher2.0=C:\TeamCity\buildAgent\plugins\dotnetPlugin\bin\JetBrains.BuildServer.NUnitLauncher2.0.exe -Dteamcity.dotnet.nunitlauncher2.0.vsts=C:\TeamCity\buildAgent\plugins\dotnetPlugin\bin\JetBrains.BuildServer.NUnitLauncher2.0.VSTS.exe -Dteamcity.dotnet.platform=C:\TeamCity\buildAgent\plugins\dotnetPlugin\bin\JetBrains.TeamCity.PlatformProcessRunner.1.1.exe -Dteamcity.maven.watcher.home=C:\TeamCity\buildAgent\plugins\mavenPlugin\maven-watcher "-Dteamcity.projectName=Demo Bank Account" -Dteamcity.runner.properties.file=C:\TeamCity\buildAgent\temp\buildTmp\teamcity.runner9188227344401430607.properties -Dteamcity.tests.recentlyFailedTests.file=C:\TeamCity\buildAgent\temp\buildTmp\testsToRunFirst6183581401065193957.txt "-Dteamcity.version=2017.2.4 (build 51228)" -classpath C:\TeamCity\buildAgent\tools\maven3\boot\plexus-classworlds-2.4.jar; org.codehaus.plexus.classworlds.launcher.Launcher -f C:\TeamCity\buildAgent\work\dc680b5ed78c7e4e\pom.xml -B clean test
[16:31:57] :	 [Step 1/1] in directory: C:\TeamCity\buildAgent\work\dc680b5ed78c7e4e
[16:31:58] :	 [Step 1/1] [INFO] Scanning for projects...
[16:31:58] :	 [Step 1/1] [INFO]
[16:31:58] :	 [Step 1/1] [INFO] ------------------------------------------------------------------------
[16:31:58] :	 [Step 1/1] [INFO] Building bank_maven 1.0-SNAPSHOT
[16:31:58] :	 [Step 1/1] [INFO] ------------------------------------------------------------------------
[16:31:58] :	 [Step 1/1] [Maven Watcher] project started: bank_maven:bank_maven:jar:1.0-SNAPSHOT
[16:31:58] :	 [Step 1/1] bank_maven:bank_maven (1s)
[16:31:58]i:		 [bank_maven:bank_maven] ##teamcity[importData tc:tags='tc:internal' type='surefire' path='C:/TeamCity/buildAgent/work/dc680b5ed78c7e4e/target/surefire-reports/TEST-*.xml' whenNoDataPublished='nothing' logAsInternal='true']
[16:31:58] :	 [Step 1/1] Importing data from 'C:/TeamCity/buildAgent/work/dc680b5ed78c7e4e/target/surefire-reports/TEST-*.xml' (not existing file) with 'surefire' processor
[16:31:58]i:		 [bank_maven:bank_maven] ##teamcity[importData tc:tags='tc:internal' type='surefire' path='C:/TeamCity/buildAgent/work/dc680b5ed78c7e4e/target/failsafe-reports/TEST-*.xml' whenNoDataPublished='nothing' logAsInternal='true']
[16:31:58] :	 [Step 1/1] [Maven Watcher]
[16:31:58]i:	 [Step 1/1] ##teamcity[projectStarted tc:tags='tc:internal' projectId='bank_maven:bank_maven:jar:1.0-SNAPSHOT' groupId='bank_maven' artifactId='bank_maven' testReportsDir0='C:/TeamCity/buildAgent/work/dc680b5ed78c7e4e/target/surefire-reports' testReportsDir1='C:/TeamCity/buildAgent/work/dc680b5ed78c7e4e/target/failsafe-reports']
[16:31:58] :	 [Step 1/1] Importing data from 'C:/TeamCity/buildAgent/work/dc680b5ed78c7e4e/target/failsafe-reports/TEST-*.xml' (not existing file) with 'surefire' processor
[16:31:58] :	 [Step 1/1] Surefire report watcher
[16:31:58] :		 [Surefire report watcher] Watching paths:
[16:31:58] :		 [Surefire report watcher] C:\TeamCity\buildAgent\work\dc680b5ed78c7e4e\target\surefire-reports\TEST-*.xml
[16:31:58] :	 [Step 1/1] Surefire report watcher
[16:31:58] :		 [Surefire report watcher] Watching paths:
[16:31:58] :		 [Surefire report watcher] C:\TeamCity\buildAgent\work\dc680b5ed78c7e4e\target\failsafe-reports\TEST-*.xml
[16:31:58] :	 [Step 1/1] [INFO]
[16:31:58] :	 [Step 1/1] [INFO] --- maven-clean-plugin:2.4.1:clean (default-clean) @ bank_maven ---
[16:31:59] :	 [Step 1/1] [INFO]
[16:31:59] :	 [Step 1/1] [INFO] --- maven-resources-plugin:2.5:resources (default-resources) @ bank_maven ---
[16:31:59] :	 [Step 1/1] [debug] execute contextualize
[16:31:59]W:	 [Step 1/1] [WARNING] Using platform encoding (Cp1252 actually) to copy filtered resources, i.e. build is platform dependent!
[16:31:59] :	 [Step 1/1] [INFO] skip non existing resourceDirectory C:\TeamCity\buildAgent\work\dc680b5ed78c7e4e\src\main\resources
[16:31:59] :	 [Step 1/1] [INFO]
[16:31:59] :	 [Step 1/1] [INFO] --- maven-compiler-plugin:2.3.2:compile (default-compile) @ bank_maven ---
[16:31:59]W:	 [Step 1/1] [WARNING] File encoding has not been set, using platform encoding Cp1252, i.e. build is platform dependent!
[16:31:59] :	 [Step 1/1] [INFO] Compiling 4 source files to C:\TeamCity\buildAgent\work\dc680b5ed78c7e4e\target\classes
[16:31:59] :	 [Step 1/1] [INFO] -------------------------------------------------------------
[16:31:59]W:	 [Step 1/1] [ERROR] COMPILATION ERROR :
[16:31:59] :	 [Step 1/1] [INFO] -------------------------------------------------------------
[16:31:59]W:	 [Step 1/1] [ERROR] \TeamCity\buildAgent\work\dc680b5ed78c7e4e\src\main\java\com\example\bank\Main.java:[5,27] error: ';' expected
[16:31:59]W:	 [Step 1/1] [ERROR] \TeamCity\buildAgent\work\dc680b5ed78c7e4e\src\main\java\com\example\bank\Main.java:[16,10] error: 'catch' without 'try'
[16:31:59] :	 [Step 1/1] [INFO] 2 errors
[16:31:59] :	 [Step 1/1] [INFO] -------------------------------------------------------------
[16:31:59] :	 [Step 1/1] [Maven Watcher]
[16:31:59]E:	 [Step 1/1] Compiler
[16:31:59] :		 [Compiler] [Maven Watcher]
[16:31:59]E:		 [Compiler] Compilation failure
[16:31:59] :		 [Compiler] [Maven Watcher]
[16:31:59] :	 [Step 1/1] [Maven Watcher]
[16:31:59]i:	 [Step 1/1] ##teamcity[projectFinished tc:tags='tc:internal' projectId='bank_maven:bank_maven:jar:1.0-SNAPSHOT']
[16:31:59] :	 [Step 1/1] [INFO] ------------------------------------------------------------------------
[16:31:59] :	 [Step 1/1] [INFO] BUILD FAILURE
[16:31:59] :	 [Step 1/1] [INFO] ------------------------------------------------------------------------
[16:31:59] :	 [Step 1/1] [INFO] Total time: 1.109s
[16:31:59] :	 [Step 1/1] [INFO] Finished at: Sat Jun 23 16:31:59 CEST 2018
[16:31:59] :	 [Step 1/1] [INFO] Final Memory: 7M/240M
[16:31:59] :	 [Step 1/1] [INFO] ------------------------------------------------------------------------
[16:31:59] :	 [Step 1/1] [Maven Watcher] building report document...
[16:31:59] :	 [Step 1/1] [Maven Watcher] building report document done
[16:31:59] :	 [Step 1/1] [Maven Watcher] writing report to C:\TeamCity\buildAgent\temp\buildTmp\maven-build-info.xml
[16:31:59] :	 [Step 1/1] [Maven Watcher] done writing report
[16:31:59]W:	 [Step 1/1] [ERROR] Failed to execute goal org.apache.maven.plugins:maven-compiler-plugin:2.3.2:compile (default-compile) on project bank_maven: Compilation failure: Compilation failure:
[16:31:59]W:	 [Step 1/1] [ERROR] \TeamCity\buildAgent\work\dc680b5ed78c7e4e\src\main\java\com\example\bank\Main.java:[5,27] error: ';' expected
[16:31:59]W:	 [Step 1/1] [ERROR] \TeamCity\buildAgent\work\dc680b5ed78c7e4e\src\main\java\com\example\bank\Main.java:[16,10] error: 'catch' without 'try'
[16:31:59]W:	 [Step 1/1] [ERROR] -> [Help 1]
[16:31:59]W:	 [Step 1/1] [ERROR]
[16:31:59]W:	 [Step 1/1] [ERROR] To see the full stack trace of the errors, re-run Maven with the -e switch.
[16:31:59]W:	 [Step 1/1] [ERROR] Re-run Maven using the -X switch to enable full debug logging.
[16:31:59]W:	 [Step 1/1] [ERROR]
[16:31:59]W:	 [Step 1/1] [ERROR] For more information about the errors and possible solutions, please read the following articles:
[16:31:59]W:	 [Step 1/1] [ERROR] [Help 1] http://cwiki.apache.org/confluence/display/MAVEN/MojoFailureException
[16:31:59]W:	 [Step 1/1] Process exited with code 1
[16:31:59] :	 [Step 1/1] Publishing artifacts
[16:31:59] :		 [Publishing artifacts] Collecting files to publish: [C:\TeamCity\buildAgent\temp\buildTmp\.tc-maven-bi\maven-build-info.xml.gz => .teamcity]
[16:31:59] :		 [Publishing artifacts] Publishing 1 file using [WebPublisher]: C:/TeamCity/buildAgent/temp/buildTmp/.tc-maven-bi/maven-build-info.xml.gz => .teamcity
[16:31:59] :		 [Publishing artifacts] Publishing 1 file using [ArtifactsCachePublisher]: C:/TeamCity/buildAgent/temp/buildTmp/.tc-maven-bi/maven-build-info.xml.gz => .teamcity
[16:31:59]E:	 [Step 1/1] Process exited with code 1
[16:31:59] :	 [Step 1/1] Waiting for 2 service processes to complete
[16:32:00]E:	 [Step 1/1] Step Maven failed
[16:32:00] : Publishing internal artifacts
[16:32:00] :	 [Publishing internal artifacts] Publishing 1 file using [WebPublisher]
[16:32:00] :	 [Publishing internal artifacts] Publishing 1 file using [ArtifactsCachePublisher]
[16:32:00] : Build finished
