Build 'Demo Bank Account :: Maven Clean Test' #12, branch 'dependency-error'
Started 2018-08-14 14:11:40 on 'W541' by 'Git'
Finished 2018-08-14 14:11:51 with status FAILURE 'Exit code 1 (new)'
VCS revisions: 'githubalexscheitlin/demo-bank-account' (Git): 84d14d5e0417a0786880f4589dccc8e78c53ab04 (branch 'refs/heads/dependency-error')
TeamCity URL http://localhost/viewLog.html?buildId=22&buildTypeId=DemoBankAccount_MavenCleanBuild 
TeamCity server version is 2017.2.4 (build 51228), server timezone: MESZ (UTC+02:00)

[14:11:39]E: bt1 (11s)
[14:11:39]i: TeamCity server version is 2017.2.4 (build 51228)
[14:11:39] : Compute revision for 'githubalexscheitlin/demo-bank-account'
[14:11:39] :	 [Compute revision for 'githubalexscheitlin/demo-bank-account'] Upper limit revision: 84d14d5e0417a0786880f4589dccc8e78c53ab04
[14:11:39]i:	 [Compute revision for 'githubalexscheitlin/demo-bank-account'] MaxModId = 14
[14:11:39] :	 [Compute revision for 'githubalexscheitlin/demo-bank-account'] Latest commit attached to build configuration: 84d14d5e0417a0786880f4589dccc8e78c53ab04
[14:11:39] :	 [Compute revision for 'githubalexscheitlin/demo-bank-account'] Computed revision: 84d14d5e0417a0786880f4589dccc8e78c53ab04
[14:11:39] : The build is removed from the queue to be prepared for the start
[14:11:40] : Starting the build on the agent W541
[14:11:40]i: Agent time zone: Europe/Berlin
[14:11:41]i: Agent is running under JRE: 1.8.0_161-b12
[14:11:41] : Clearing temporary directory: C:\TeamCity\buildAgent\temp\buildTmp
[14:11:41] : Publishing internal artifacts (2s)
[14:11:43] :	 [Publishing internal artifacts] Publishing 1 file using [WebPublisher]
[14:11:43] :	 [Publishing internal artifacts] Publishing 1 file using [ArtifactsCachePublisher]
[14:11:41] : Will perform clean checkout. Reason: Checkout directory is empty or doesn't exist
[14:11:41] : Checkout directory: C:\TeamCity\buildAgent\work\dc680b5ed78c7e4e
[14:11:41] : Updating sources: auto checkout (on agent) (3s)
[14:11:41] :	 [Updating sources] Will use agent side checkout
[14:11:41] :	 [Updating sources] VCS Root: githubalexscheitlin/demo-bank-account (3s)
[14:11:41] :		 [VCS Root: githubalexscheitlin/demo-bank-account] revision: 84d14d5e0417a0786880f4589dccc8e78c53ab04
[14:11:41] :		 [VCS Root: githubalexscheitlin/demo-bank-account] Git version: 2.16.2.0
[14:11:41] :		 [VCS Root: githubalexscheitlin/demo-bank-account] Update git mirror (C:\TeamCity\buildAgent\system\git\git-1549344D.git) (2s)
[14:11:41] :			 [Update git mirror (C:\TeamCity\buildAgent\system\git\git-1549344D.git)] "C:\Program Files\Git\bin\git.exe" show-ref
[14:11:41] :			 [Update git mirror (C:\TeamCity\buildAgent\system\git\git-1549344D.git)] "C:\Program Files\Git\bin\git.exe" -c core.askpass=C:\TeamCity\buildAgent\temp\buildTmp\pass6785437837139016606.bat -c credential.helper= ls-remote origin
[14:11:42] :			 [Update git mirror (C:\TeamCity\buildAgent\system\git\git-1549344D.git)] "C:\Program Files\Git\bin\git.exe" show-ref refs/remotes/origin/dependency-error
[14:11:42] :			 [Update git mirror (C:\TeamCity\buildAgent\system\git\git-1549344D.git)] "C:\Program Files\Git\bin\git.exe" show-ref refs/heads/dependency-error
[14:11:42] :			 [Update git mirror (C:\TeamCity\buildAgent\system\git\git-1549344D.git)] "C:\Program Files\Git\bin\git.exe" -c core.askpass=C:\TeamCity\buildAgent\temp\buildTmp\pass3655030895138847843.bat -c credential.helper= fetch --progress origin +refs/heads/dependency-error:refs/heads/dependency-error (1s)
[14:11:44]i:				 ["C:\Program Files\Git\bin\git.exe" -c core.askpass=C:\TeamCity\buildAgent\temp\buildTmp\pass3655030895138847843.bat -c credential.helper= fetch --progress origin +refs/heads/dependency-error:refs/heads/dependency-error] remote: Counting objects: 3, done.        
[14:11:44]i:				 ["C:\Program Files\Git\bin\git.exe" -c core.askpass=C:\TeamCity\buildAgent\temp\buildTmp\pass3655030895138847843.bat -c credential.helper= fetch --progress origin +refs/heads/dependency-error:refs/heads/dependency-error] remote: Total 3 (delta 2), reused 3 (delta 2), pack-reused 0        
[14:11:44]i:				 ["C:\Program Files\Git\bin\git.exe" -c core.askpass=C:\TeamCity\buildAgent\temp\buildTmp\pass3655030895138847843.bat -c credential.helper= fetch --progress origin +refs/heads/dependency-error:refs/heads/dependency-error] From https://github.com/alexscheitlin/demo-bank-account
[14:11:44]i:				 ["C:\Program Files\Git\bin\git.exe" -c core.askpass=C:\TeamCity\buildAgent\temp\buildTmp\pass3655030895138847843.bat -c credential.helper= fetch --progress origin +refs/heads/dependency-error:refs/heads/dependency-error]  * [new branch]      dependency-error -> dependency-error
[14:11:44]i:				 ["C:\Program Files\Git\bin\git.exe" -c core.askpass=C:\TeamCity\buildAgent\temp\buildTmp\pass3655030895138847843.bat -c credential.helper= fetch --progress origin +refs/heads/dependency-error:refs/heads/dependency-error]  * [new branch]      dependency-error -> origin/dependency-error
[14:11:44] :			 [Update git mirror (C:\TeamCity\buildAgent\system\git\git-1549344D.git)] "C:\Program Files\Git\bin\git.exe" log -n1 --pretty=format:%H%x20%s 84d14d5e0417a0786880f4589dccc8e78c53ab04 --
[14:11:44] :			 [Update git mirror (C:\TeamCity\buildAgent\system\git\git-1549344D.git)] "C:\Program Files\Git\bin\git.exe" pack-refs --all
[14:11:44] :		 [VCS Root: githubalexscheitlin/demo-bank-account] Update checkout directory (C:\TeamCity\buildAgent\work\dc680b5ed78c7e4e) (1s)
[14:11:44] :			 [Update checkout directory (C:\TeamCity\buildAgent\work\dc680b5ed78c7e4e)] The .git directory is missing in 'C:\TeamCity\buildAgent\work\dc680b5ed78c7e4e'. Running 'git init'...
[14:11:44] :			 [Update checkout directory (C:\TeamCity\buildAgent\work\dc680b5ed78c7e4e)] "C:\Program Files\Git\bin\git.exe" init
[14:11:44] :			 [Update checkout directory (C:\TeamCity\buildAgent\work\dc680b5ed78c7e4e)] "C:\Program Files\Git\bin\git.exe" config lfs.storage C:\TeamCity\buildAgent\system\git\git-1549344D.git\lfs
[14:11:44] :			 [Update checkout directory (C:\TeamCity\buildAgent\work\dc680b5ed78c7e4e)] "C:\Program Files\Git\bin\git.exe" config core.sparseCheckout true
[14:11:44] :			 [Update checkout directory (C:\TeamCity\buildAgent\work\dc680b5ed78c7e4e)] "C:\Program Files\Git\bin\git.exe" show-ref
[14:11:44] :			 [Update checkout directory (C:\TeamCity\buildAgent\work\dc680b5ed78c7e4e)] "C:\Program Files\Git\bin\git.exe" show-ref refs/remotes/origin/dependency-error
[14:11:44] :			 [Update checkout directory (C:\TeamCity\buildAgent\work\dc680b5ed78c7e4e)] "C:\Program Files\Git\bin\git.exe" log -n1 --pretty=format:%H%x20%s 84d14d5e0417a0786880f4589dccc8e78c53ab04 --
[14:11:44] :			 [Update checkout directory (C:\TeamCity\buildAgent\work\dc680b5ed78c7e4e)] "C:\Program Files\Git\bin\git.exe" branch
[14:11:45] :			 [Update checkout directory (C:\TeamCity\buildAgent\work\dc680b5ed78c7e4e)] "C:\Program Files\Git\bin\git.exe" update-ref refs/heads/dependency-error 84d14d5e0417a0786880f4589dccc8e78c53ab04
[14:11:45] :			 [Update checkout directory (C:\TeamCity\buildAgent\work\dc680b5ed78c7e4e)] "C:\Program Files\Git\bin\git.exe" -c core.askpass=C:\TeamCity\buildAgent\temp\buildTmp\pass8812854569502969722.bat -c credential.helper= -c credential.helper=C:/TeamCity/buildAgent/temp/buildTmp/credHelper339772138674970915.bat checkout -q -f dependency-error
[14:11:45] :			 [Update checkout directory (C:\TeamCity\buildAgent\work\dc680b5ed78c7e4e)] "C:\Program Files\Git\bin\git.exe" branch --set-upstream-to=refs/remotes/origin/dependency-error
[14:11:45] :			 [Update checkout directory (C:\TeamCity\buildAgent\work\dc680b5ed78c7e4e)] Cleaning githubalexscheitlin/demo-bank-account in C:\TeamCity\buildAgent\work\dc680b5ed78c7e4e the file set ALL_UNTRACKED
[14:11:45] :			 [Update checkout directory (C:\TeamCity\buildAgent\work\dc680b5ed78c7e4e)] "C:\Program Files\Git\bin\git.exe" clean -f -d -x
[14:11:45] : Build preparation done
[14:11:45]E: Step 1/1: Maven (5s)
[14:11:46] :	 [Step 1/1] Initial M2_HOME not set
[14:11:46] :	 [Step 1/1] Current M2_HOME = C:\TeamCity\buildAgent\tools\maven3
[14:11:46] :	 [Step 1/1] PATH = C:\TeamCity\buildAgent\tools\maven3\bin;C:\RailsInstaller\Ruby2.3.3\bin;C:\ProgramData\Anaconda3;C:\ProgramData\Anaconda3\Library\mingw-w64\bin;C:\ProgramData\Anaconda3\Library\usr\bin;C:\ProgramData\Anaconda3\Library\bin;C:\ProgramData\Anaconda3\Scripts;C:\Ruby22-x64\bin;C:\ProgramData\Oracle\Java\javapath;C:\WINDOWS\system32;C:\WINDOWS;C:\WINDOWS\System32\Wbem;C:\WINDOWS\System32\WindowsPowerShell\v1.0\;C:\Program Files\Java\jdk1.8.0_101\bin;C:\Program Files\Java\jre1.8.0_101\bin;C:\Program Files\nodejs\;C:\Program Files (x86)\Skype\Phone\;C:\wamp64\bin\php\php5.6.25;C:\Program Files\Intel\WiFi\bin\;C:\Program Files\Common Files\Intel\WirelessCommon\;C:\Program Files (x86)\Yarn\bin\;C:\Program Files\Git\cmd;C:\Program Files (x86)\MySQL\MySQL Utilities 1.6\;C:\Program Files\MiKTeX 2.9\miktex\bin\x64\;C:\WINDOWS\System32\OpenSSH\;C:\Program Files\Microsoft VS Code\bin;C:\WINDOWS\system32\config\systemprofile\AppData\Local\Microsoft\WindowsApps
[14:11:47] :	 [Step 1/1] Using watcher: C:\TeamCity\buildAgent\plugins\mavenPlugin\maven-watcher\maven-watcher-agent.jar
[14:11:47] :	 [Step 1/1] Initial MAVEN_OPTS not set
[14:11:47] :	 [Step 1/1] Current MAVEN_OPTS not set
[14:11:47] :	 [Step 1/1] Starting: "C:\Program Files\Java\jdk1.8.0_101\bin\java.exe" -Dagent.home.dir=C:\TeamCity\buildAgent -Dagent.name=W541 -Dagent.ownPort=9090 -Dagent.work.dir=C:\TeamCity\buildAgent\work -Dbuild.number=12 -Dbuild.vcs.number=84d14d5e0417a0786880f4589dccc8e78c53ab04 -Dbuild.vcs.number.1=84d14d5e0417a0786880f4589dccc8e78c53ab04 -Dbuild.vcs.number.DemoBankAccount_GithubalexscheitlinDemoBankAccount=84d14d5e0417a0786880f4589dccc8e78c53ab04 -Dclassworlds.conf=C:\TeamCity\buildAgent\temp\buildTmp\teamcity.m2.conf -Dcom.jetbrains.maven.watcher.report.file=C:\TeamCity\buildAgent\temp\buildTmp\maven-build-info.xml -Djava.io.tmpdir=C:\TeamCity\buildAgent\temp\buildTmp -Dmaven.home=C:\TeamCity\buildAgent\tools\maven3 -Dmaven.multiModuleProjectDirectory=C:\TeamCity\buildAgent\work\dc680b5ed78c7e4e -Dmaven.repo.local=C:/WINDOWS/system32/config/systemprofile/.m2/repository -Dteamcity.agent.cpuBenchmark=689 -Dteamcity.agent.dotnet.agent_url=http://localhost:9090/RPC2 -Dteamcity.agent.dotnet.build_id=22 -Dteamcity.auth.password=******* -Dteamcity.auth.userId=TeamCityBuildId=22 -Dteamcity.build.changedFiles.file=C:\TeamCity\buildAgent\temp\buildTmp\changedFiles344016632671531372.txt -Dteamcity.build.checkoutDir=C:\TeamCity\buildAgent\work\dc680b5ed78c7e4e -Dteamcity.build.id=22 -Dteamcity.build.properties.file=C:\TeamCity\buildAgent\temp\buildTmp\teamcity.build5582085921619937763.properties -Dteamcity.build.tempDir=C:\TeamCity\buildAgent\temp\buildTmp -Dteamcity.build.workingDir=C:\TeamCity\buildAgent\work\dc680b5ed78c7e4e "-Dteamcity.buildConfName=Maven Clean Test" -Dteamcity.buildType.id=DemoBankAccount_MavenCleanBuild -Dteamcity.configuration.properties.file=C:\TeamCity\buildAgent\temp\buildTmp\teamcity.config4043098408742772541.properties -Dteamcity.dotnet.nunitaddin=C:\TeamCity\buildAgent\plugins\dotnetPlugin\bin\JetBrains.TeamCity.NUnitAddin-NUnit -Dteamcity.dotnet.nunitlauncher=C:\TeamCity\buildAgent\plugins\dotnetPlugin\bin\JetBrains.BuildServer.NUnitLauncher.exe -Dteamcity.dotnet.nunitlauncher.msbuild.task=C:\TeamCity\buildAgent\plugins\dotnetPlugin\bin\JetBrains.BuildServer.MSBuildLoggers.dll -Dteamcity.dotnet.nunitlauncher1.1=C:\TeamCity\buildAgent\plugins\dotnetPlugin\bin\JetBrains.BuildServer.NUnitLauncher1.1.exe -Dteamcity.dotnet.nunitlauncher2.0=C:\TeamCity\buildAgent\plugins\dotnetPlugin\bin\JetBrains.BuildServer.NUnitLauncher2.0.exe -Dteamcity.dotnet.nunitlauncher2.0.vsts=C:\TeamCity\buildAgent\plugins\dotnetPlugin\bin\JetBrains.BuildServer.NUnitLauncher2.0.VSTS.exe -Dteamcity.dotnet.platform=C:\TeamCity\buildAgent\plugins\dotnetPlugin\bin\JetBrains.TeamCity.PlatformProcessRunner.1.1.exe -Dteamcity.maven.watcher.home=C:\TeamCity\buildAgent\plugins\mavenPlugin\maven-watcher "-Dteamcity.projectName=Demo Bank Account" -Dteamcity.runner.properties.file=C:\TeamCity\buildAgent\temp\buildTmp\teamcity.runner1864010679629426615.properties -Dteamcity.tests.recentlyFailedTests.file=C:\TeamCity\buildAgent\temp\buildTmp\testsToRunFirst801763773279338242.txt "-Dteamcity.version=2017.2.4 (build 51228)" -classpath C:\TeamCity\buildAgent\tools\maven3\boot\plexus-classworlds-2.4.jar; org.codehaus.plexus.classworlds.launcher.Launcher -f C:\TeamCity\buildAgent\work\dc680b5ed78c7e4e\pom.xml -B clean test
[14:11:47] :	 [Step 1/1] in directory: C:\TeamCity\buildAgent\work\dc680b5ed78c7e4e
[14:11:49] :	 [Step 1/1] [INFO] Scanning for projects...
[14:11:49] :	 [Step 1/1] [INFO]                                                                         
[14:11:49] :	 [Step 1/1] [INFO] ------------------------------------------------------------------------
[14:11:49] :	 [Step 1/1] [INFO] Building bank_maven 1.0-SNAPSHOT
[14:11:49] :	 [Step 1/1] [INFO] ------------------------------------------------------------------------
[14:11:49] :	 [Step 1/1] [Maven Watcher] project started: bank_maven:bank_maven:jar:1.0-SNAPSHOT
[14:11:49] :	 [Step 1/1] Importing data from 'C:/TeamCity/buildAgent/work/dc680b5ed78c7e4e/target/surefire-reports/TEST-*.xml' (not existing file) with 'surefire' processor
[14:11:49] :	 [Step 1/1] bank_maven:bank_maven (1s)
[14:11:49]i:		 [bank_maven:bank_maven] ##teamcity[importData tc:tags='tc:internal' type='surefire' path='C:/TeamCity/buildAgent/work/dc680b5ed78c7e4e/target/surefire-reports/TEST-*.xml' whenNoDataPublished='nothing' logAsInternal='true']
[14:11:49]i:		 [bank_maven:bank_maven] ##teamcity[importData tc:tags='tc:internal' type='surefire' path='C:/TeamCity/buildAgent/work/dc680b5ed78c7e4e/target/failsafe-reports/TEST-*.xml' whenNoDataPublished='nothing' logAsInternal='true']
[14:11:49] :	 [Step 1/1] Importing data from 'C:/TeamCity/buildAgent/work/dc680b5ed78c7e4e/target/failsafe-reports/TEST-*.xml' (not existing file) with 'surefire' processor
[14:11:49] :	 [Step 1/1] [Maven Watcher] 
[14:11:49]i:	 [Step 1/1] ##teamcity[projectStarted tc:tags='tc:internal' projectId='bank_maven:bank_maven:jar:1.0-SNAPSHOT' groupId='bank_maven' artifactId='bank_maven' testReportsDir0='C:/TeamCity/buildAgent/work/dc680b5ed78c7e4e/target/surefire-reports' testReportsDir1='C:/TeamCity/buildAgent/work/dc680b5ed78c7e4e/target/failsafe-reports']
[14:11:49] :	 [Step 1/1] Surefire report watcher
[14:11:49] :		 [Surefire report watcher] Watching paths:
[14:11:49] :		 [Surefire report watcher] C:\TeamCity\buildAgent\work\dc680b5ed78c7e4e\target\surefire-reports\TEST-*.xml
[14:11:50] :	 [Step 1/1] Surefire report watcher
[14:11:50] :		 [Surefire report watcher] Watching paths:
[14:11:50] :		 [Surefire report watcher] C:\TeamCity\buildAgent\work\dc680b5ed78c7e4e\target\failsafe-reports\TEST-*.xml
[14:11:50] :	 [Step 1/1] Downloading: http://repo.maven.apache.org/maven2/junit/junit/5.12/junit-5.12.pom
[14:11:50]W:	 [Step 1/1] [WARNING] The POM for junit:junit:jar:5.12 is missing, no dependency information available
[14:11:50] :	 [Step 1/1] Downloading: http://repo.maven.apache.org/maven2/junit/junit/5.12/junit-5.12.jar
[14:11:50] :	 [Step 1/1] [Maven Watcher] 
[14:11:50]E:	 [Step 1/1] Failed to execute goal on project bank_maven: Could not resolve dependencies for project bank_maven:bank_maven:jar:1.0-SNAPSHOT: Could not find artifact junit:junit:jar:5.12 in central (http://repo.maven.apache.org/maven2)
[14:11:50] :	 [Step 1/1] [Maven Watcher] 
[14:11:50]i:	 [Step 1/1] ##teamcity[projectFinished tc:tags='tc:internal' projectId='bank_maven:bank_maven:jar:1.0-SNAPSHOT']
[14:11:50] :	 [Step 1/1] [INFO] ------------------------------------------------------------------------
[14:11:50] :	 [Step 1/1] [INFO] BUILD FAILURE
[14:11:50] :	 [Step 1/1] [INFO] ------------------------------------------------------------------------
[14:11:50] :	 [Step 1/1] [INFO] Total time: 1.407s
[14:11:50] :	 [Step 1/1] [INFO] Finished at: Tue Aug 14 14:11:50 CEST 2018
[14:11:50] :	 [Step 1/1] [INFO] Final Memory: 8M/240M
[14:11:50] :	 [Step 1/1] [INFO] ------------------------------------------------------------------------
[14:11:50] :	 [Step 1/1] [Maven Watcher] building report document...
[14:11:50] :	 [Step 1/1] [Maven Watcher] building report document done
[14:11:50] :	 [Step 1/1] [Maven Watcher] writing report to C:\TeamCity\buildAgent\temp\buildTmp\maven-build-info.xml
[14:11:50] :	 [Step 1/1] [Maven Watcher] done writing report
[14:11:50]W:	 [Step 1/1] [ERROR] Failed to execute goal on project bank_maven: Could not resolve dependencies for project bank_maven:bank_maven:jar:1.0-SNAPSHOT: Could not find artifact junit:junit:jar:5.12 in central (http://repo.maven.apache.org/maven2) -> [Help 1]
[14:11:50]W:	 [Step 1/1] [ERROR] 
[14:11:50]W:	 [Step 1/1] [ERROR] To see the full stack trace of the errors, re-run Maven with the -e switch.
[14:11:50]W:	 [Step 1/1] [ERROR] Re-run Maven using the -X switch to enable full debug logging.
[14:11:50]W:	 [Step 1/1] [ERROR] 
[14:11:50]W:	 [Step 1/1] [ERROR] For more information about the errors and possible solutions, please read the following articles:
[14:11:50]W:	 [Step 1/1] [ERROR] [Help 1] http://cwiki.apache.org/confluence/display/MAVEN/DependencyResolutionException
[14:11:50]W:	 [Step 1/1] Process exited with code 1
[14:11:50] :	 [Step 1/1] Publishing artifacts
[14:11:50] :		 [Publishing artifacts] Collecting files to publish: [C:\TeamCity\buildAgent\temp\buildTmp\.tc-maven-bi\maven-build-info.xml.gz => .teamcity]
[14:11:50] :		 [Publishing artifacts] Publishing 1 file using [WebPublisher]: C:/TeamCity/buildAgent/temp/buildTmp/.tc-maven-bi/maven-build-info.xml.gz => .teamcity
[14:11:50] :		 [Publishing artifacts] Publishing 1 file using [ArtifactsCachePublisher]: C:/TeamCity/buildAgent/temp/buildTmp/.tc-maven-bi/maven-build-info.xml.gz => .teamcity
[14:11:50]E:	 [Step 1/1] Process exited with code 1
[14:11:50] :	 [Step 1/1] Waiting for 2 service processes to complete
[14:11:51]E:	 [Step 1/1] Step Maven failed
[14:11:51] : Publishing internal artifacts
[14:11:51] :	 [Publishing internal artifacts] Publishing 1 file using [WebPublisher]
[14:11:51] :	 [Publishing internal artifacts] Publishing 1 file using [ArtifactsCachePublisher]
[14:11:51] : Build finished
